# JRE version: OpenJDK Runtime Environment (21.0.10+7) (build 21.0.10+7)
# Java VM: OpenJDK 64-Bit Server VM (21.0.10+7, mixed mode, sharing, tiered, compressed oops, compressed class ptrs, g1 gc, linux-amd64)
GC Precious Log:
 CardTable entry size: 512
 Card Set container configuration: InlinePtr #cards 4 size 8 Array Of Cards #cards 16 size 48 Howl #buckets 8 coarsen threshold 3686 Howl Bitmap #cards 512 size 80 coarsen threshold 460 Card regions per heap region 1 cards per card region 4096
 CPUs: 12 total, 12 available
 Memory: 15823M
 Large Page Support: Disabled
 NUMA Support: Disabled
 Compressed Oops: Enabled (Zero based)
 Heap Region Size: 2M
 Heap Min Capacity: 8M
 Heap Initial Capacity: 248M
 Heap Max Capacity: 3956M
 Pre-touch: Disabled
 Parallel Workers: 10
 Concurrent Workers: 3
 Concurrent Refinement Workers: 10
 Periodic GC: Disabled
Heap:
 garbage-first heap   total 157696K, used 28739K [0x0000000708c00000, 0x0000000800000000)
  region size 2048K, 4 young (8192K), 2 survivors (4096K)
 Metaspace       used 34505K, committed 35264K, reserved 1114112K
  class space    used 4847K, committed 5184K, reserved 1048576K
GC Heap History (12 events):
Event: 0,608 GC heap before
{Heap before GC invocations=0 (full 0):
 garbage-first heap   total 256000K, used 23601K [0x0000000708c00000, 0x0000000800000000)
  region size 2048K, 11 young (22528K), 0 survivors (0K)
 Metaspace       used 6383K, committed 6592K, reserved 1114112K
  class space    used 710K, committed 768K, reserved 1048576K
}
Event: 0,621 GC heap after
{Heap after GC invocations=1 (full 0):
 garbage-first heap   total 256000K, used 3708K [0x0000000708c00000, 0x0000000800000000)
  region size 2048K, 2 young (4096K), 2 survivors (4096K)
 Metaspace       used 6383K, committed 6592K, reserved 1114112K
  class space    used 710K, committed 768K, reserved 1048576K
}
Event: 3,294 GC heap before
{Heap before GC invocations=1 (full 0):
 garbage-first heap   total 256000K, used 52860K [0x0000000708c00000, 0x0000000800000000)
  region size 2048K, 28 young (57344K), 2 survivors (4096K)
 Metaspace       used 21015K, committed 21504K, reserved 1114112K
  class space    used 2714K, committed 2944K, reserved 1048576K
}
Event: 3,311 GC heap after
{Heap after GC invocations=2 (full 0):
 garbage-first heap   total 256000K, used 12144K [0x0000000708c00000, 0x0000000800000000)
  region size 2048K, 4 young (8192K), 4 survivors (8192K)
 Metaspace       used 21015K, committed 21504K, reserved 1114112K
  class space    used 2714K, committed 2944K, reserved 1048576K
}
Event: 4,071 GC heap before
{Heap before GC invocations=3 (full 0):
 garbage-first heap   total 49152K, used 46960K [0x0000000708c00000, 0x0000000800000000)
  region size 2048K, 21 young (43008K), 4 survivors (8192K)
 Metaspace       used 26342K, committed 26880K, reserved 1114112K
  class space    used 3757K, committed 3968K, reserved 1048576K
}
Event: 4,084 GC heap after
{Heap after GC invocations=4 (full 0):
 garbage-first heap   total 61440K, used 14273K [0x0000000708c00000, 0x0000000800000000)
  region size 2048K, 4 young (8192K), 4 survivors (8192K)
 Metaspace       used 26342K, committed 26880K, reserved 1114112K
  class space    used 3757K, committed 3968K, reserved 1048576K
}
Event: 6,252 GC heap before
{Heap before GC invocations=4 (full 0):
 garbage-first heap   total 61440K, used 44993K [0x0000000708c00000, 0x0000000800000000)
  region size 2048K, 18 young (36864K), 4 survivors (8192K)
 Metaspace       used 27988K, committed 28544K, reserved 1114112K
  class space    used 3852K, committed 4096K, reserved 1048576K
}
Event: 6,257 GC heap after
{Heap after GC invocations=5 (full 0):
 garbage-first heap   total 61440K, used 21187K [0x0000000708c00000, 0x0000000800000000)
  region size 2048K, 3 young (6144K), 3 survivors (6144K)
 Metaspace       used 27988K, committed 28544K, reserved 1114112K
  class space    used 3852K, committed 4096K, reserved 1048576K
}
Event: 6,829 GC heap before
{Heap before GC invocations=5 (full 0):
 garbage-first heap   total 61440K, used 47811K [0x0000000708c00000, 0x0000000800000000)
  region size 2048K, 16 young (32768K), 3 survivors (6144K)
 Metaspace       used 31972K, committed 32704K, reserved 1114112K
  class space    used 4501K, committed 4800K, reserved 1048576K
}
Event: 6,839 GC heap after
{Heap after GC invocations=6 (full 0):
 garbage-first heap   total 61440K, used 27430K [0x0000000708c00000, 0x0000000800000000)
  region size 2048K, 2 young (4096K), 2 survivors (4096K)
 Metaspace       used 31972K, committed 32704K, reserved 1114112K
  class space    used 4501K, committed 4800K, reserved 1048576K
}
Event: 7,274 GC heap before
{Heap before GC invocations=6 (full 0):
 garbage-first heap   total 61440K, used 45862K [0x0000000708c00000, 0x0000000800000000)
  region size 2048K, 12 young (24576K), 2 survivors (4096K)
 Metaspace       used 33849K, committed 34624K, reserved 1114112K
  class space    used 4781K, committed 5120K, reserved 1048576K
}
Event: 7,279 GC heap after
{Heap after GC invocations=7 (full 0):
 garbage-first heap   total 157696K, used 28739K [0x0000000708c00000, 0x0000000800000000)
  region size 2048K, 2 young (4096K), 2 survivors (4096K)
 Metaspace       used 33849K, committed 34624K, reserved 1114112K
  class space    used 4781K, committed 5120K, reserved 1048576K
}

